<?xml version="1.0" encoding="UTF-8"?>
<testng-results skipped="0" failed="0" total="1" passed="1">
  <reporter-output>
  </reporter-output>
  <suite name="Default suite" duration-ms="438" started-at="2021-06-22T06:46:08Z" finished-at="2021-06-22T06:46:09Z">
    <groups>
    </groups>
    <test name="Default test" duration-ms="438" started-at="2021-06-22T06:46:08Z" finished-at="2021-06-22T06:46:09Z">
      <class name="com.qa.basic_selenium.practice">
        <test-method status="PASS" signature="test4()[pri:0, instance:com.qa.basic_selenium.practice@212bf671]" name="test4" duration-ms="425" started-at="2021-06-22T12:16:08Z" finished-at="2021-06-22T12:16:09Z">
          <reporter-output>
          </reporter-output>
        </test-method> <!-- test4 -->
      </class> <!-- com.qa.basic_selenium.practice -->
    </test> <!-- Default test -->
  </suite> <!-- Default suite -->
</testng-results>
